00000000 Prog.    2020-05-07 14:17:04 11360 28320 "Loading plugin C:\Program Files (x86)\HPCCSystems\7.6.18\clienttools\plugins\auditlib.dll[lib_auditlib] version = AUDITLIB 1.0.1"
00000001 Prog.    2020-05-07 14:17:04 11360 28320 "Loading library C:\Program Files (x86)\HPCCSystems\7.6.18\clienttools\plugins\couchbase.ecllib"
00000002 Prog.    2020-05-07 14:17:04 11360 28320 "Plugin C:\Program Files (x86)\HPCCSystems\7.6.18\clienttools\plugins\cryptolib.dll exports getECLPluginDefinition but does not export ECL - not loading"
00000003 Prog.    2020-05-07 14:17:04 11360 28320 "Loading plugin C:\Program Files (x86)\HPCCSystems\7.6.18\clienttools\plugins\debugservices.dll[lib_debugservices] version = DEBUGSERVICES 1.0.1"
00000004 Prog.    2020-05-07 14:17:04 11360 28320 "Plugin C:\Program Files (x86)\HPCCSystems\7.6.18\clienttools\plugins\dmetaphone.dll exports getECLPluginDefinition but does not export ECL - not loading"
00000005 Prog.    2020-05-07 14:17:04 11360 28320 "Loading plugin C:\Program Files (x86)\HPCCSystems\7.6.18\clienttools\plugins\fileservices.dll[lib_fileservices] version = FILESERVICES 2.1.4"
00000006 Prog.    2020-05-07 14:17:04 11360 28320 "Plugin C:\Program Files (x86)\HPCCSystems\7.6.18\clienttools\plugins\h3.dll exports getECLPluginDefinition but does not export ECL - not loading"
00000007 Prog.    2020-05-07 14:17:04 11360 28320 "Loading library C:\Program Files (x86)\HPCCSystems\7.6.18\clienttools\plugins\java.ecllib"
00000008 Prog.    2020-05-07 14:17:04 11360 28320 "Loading library C:\Program Files (x86)\HPCCSystems\7.6.18\clienttools\plugins\javascript.ecllib"
00000009 Prog.    2020-05-07 14:17:04 11360 28320 "Loading library C:\Program Files (x86)\HPCCSystems\7.6.18\clienttools\plugins\kafka.ecllib"
0000000A Prog.    2020-05-07 14:17:04 11360 28320 "Loading library C:\Program Files (x86)\HPCCSystems\7.6.18\clienttools\plugins\lib_addrclean.ecllib"
0000000B Prog.    2020-05-07 14:17:04 11360 28320 "Loading library C:\Program Files (x86)\HPCCSystems\7.6.18\clienttools\plugins\lib_bridgerscorelib.ecllib"
0000000C Prog.    2020-05-07 14:17:04 11360 28320 "Loading library C:\Program Files (x86)\HPCCSystems\7.6.18\clienttools\plugins\lib_canadaclean.ecllib"
0000000D Prog.    2020-05-07 14:17:04 11360 28320 "Loading library C:\Program Files (x86)\HPCCSystems\7.6.18\clienttools\plugins\lib_cryptolib.ecllib"
0000000E Prog.    2020-05-07 14:17:04 11360 28320 "Loading library C:\Program Files (x86)\HPCCSystems\7.6.18\clienttools\plugins\lib_datalib.ecllib"
0000000F Prog.    2020-05-07 14:17:04 11360 28320 "Loading library C:\Program Files (x86)\HPCCSystems\7.6.18\clienttools\plugins\lib_date.ecllib"
00000010 Prog.    2020-05-07 14:17:04 11360 28320 "Loading library C:\Program Files (x86)\HPCCSystems\7.6.18\clienttools\plugins\lib_eclblas.ecllib"
00000011 Prog.    2020-05-07 14:17:04 11360 28320 "Loading library C:\Program Files (x86)\HPCCSystems\7.6.18\clienttools\plugins\lib_h3.ecllib"
00000012 Prog.    2020-05-07 14:17:04 11360 28320 "Loading library C:\Program Files (x86)\HPCCSystems\7.6.18\clienttools\plugins\lib_KeyLib.ecllib"
00000013 Prog.    2020-05-07 14:17:04 11360 28320 "Loading library C:\Program Files (x86)\HPCCSystems\7.6.18\clienttools\plugins\lib_memcached.ecllib"
00000014 Prog.    2020-05-07 14:17:04 11360 28320 "Loading library C:\Program Files (x86)\HPCCSystems\7.6.18\clienttools\plugins\lib_metaphone.ecllib"
00000015 Prog.    2020-05-07 14:17:04 11360 28320 "Loading library C:\Program Files (x86)\HPCCSystems\7.6.18\clienttools\plugins\lib_ofaclib.ecllib"
00000016 Prog.    2020-05-07 14:17:04 11360 28320 "Loading library C:\Program Files (x86)\HPCCSystems\7.6.18\clienttools\plugins\lib_redis.ecllib"
00000017 Prog.    2020-05-07 14:17:04 11360 28320 "Loading library C:\Program Files (x86)\HPCCSystems\7.6.18\clienttools\plugins\lib_saltlib.ecllib"
00000018 Prog.    2020-05-07 14:17:04 11360 28320 "Loading library C:\Program Files (x86)\HPCCSystems\7.6.18\clienttools\plugins\lib_thorlib.ecllib"
00000019 Prog.    2020-05-07 14:17:04 11360 28320 "Loading library C:\Program Files (x86)\HPCCSystems\7.6.18\clienttools\plugins\lib_word.ecllib"
0000001A Prog.    2020-05-07 14:17:04 11360 28320 "Loading library C:\Program Files (x86)\HPCCSystems\7.6.18\clienttools\plugins\lib_ziplib.ecllib"
0000001B Prog.    2020-05-07 14:17:04 11360 28320 "Loading plugin C:\Program Files (x86)\HPCCSystems\7.6.18\clienttools\plugins\logging.dll[lib_logging] version = LOGGING 1.0.1"
0000001C Prog.    2020-05-07 14:17:04 11360 28320 "Loading library C:\Program Files (x86)\HPCCSystems\7.6.18\clienttools\plugins\mysql.ecllib"
0000001D Prog.    2020-05-07 14:17:04 11360 28320 "Loading plugin C:\Program Files (x86)\HPCCSystems\7.6.18\clienttools\plugins\parselib.dll[lib_parselib] version = PARSELIB 1.0.1"
0000001E Prog.    2020-05-07 14:17:04 11360 28320 "Loading library C:\Program Files (x86)\HPCCSystems\7.6.18\clienttools\plugins\python.ecllib"
0000001F Prog.    2020-05-07 14:17:04 11360 28320 "Loading library C:\Program Files (x86)\HPCCSystems\7.6.18\clienttools\plugins\python3.ecllib"
00000020 Prog.    2020-05-07 14:17:04 11360 28320 "Loading library C:\Program Files (x86)\HPCCSystems\7.6.18\clienttools\plugins\R.ecllib"
00000021 Prog.    2020-05-07 14:17:04 11360 28320 "Loading library C:\Program Files (x86)\HPCCSystems\7.6.18\clienttools\plugins\sqlite3.ecllib"
00000022 Prog.    2020-05-07 14:17:04 11360 28320 "Loading library C:\Program Files (x86)\HPCCSystems\7.6.18\clienttools\plugins\sqs.ecllib"
00000023 Prog.    2020-05-07 14:17:04 11360 28320 "Loading plugin C:\Program Files (x86)\HPCCSystems\7.6.18\clienttools\plugins\stringlib.dll[lib_stringlib] version = STRINGLIB 1.1.14"
00000024 Prog.    2020-05-07 14:17:04 11360 28320 "Loading plugin C:\Program Files (x86)\HPCCSystems\7.6.18\clienttools\plugins\timelib.dll[lib_timelib] version = TIMELIB 1.0.0"
00000025 Prog.    2020-05-07 14:17:04 11360 28320 "Loading plugin C:\Program Files (x86)\HPCCSystems\7.6.18\clienttools\plugins\unicodelib.dll[lib_unicodelib] version = UNICODELIB 1.1.06"
00000026 Prog.    2020-05-07 14:17:04 11360 28320 "Loading plugin C:\Program Files (x86)\HPCCSystems\7.6.18\clienttools\plugins\workunitservices.dll[lib_WORKUNITSERVICES] version = WORKUNITSERVICES 1.0.2"
